0 info it worked if it ends with ok
1 verbose cli [ '/home/kadismile/.nvm/versions/node/v6.0.0/bin/node',
1 verbose cli   '/home/kadismile/.nvm/versions/node/v6.0.0/bin/npm',
1 verbose cli   'run',
1 verbose cli   'client' ]
2 info using npm@3.8.6
3 info using node@v6.0.0
4 verbose run-script [ 'preclient', 'client', 'postclient' ]
5 info lifecycle express-react@1.0.0~preclient: express-react@1.0.0
6 silly lifecycle express-react@1.0.0~preclient: no script for preclient, continuing
7 info lifecycle express-react@1.0.0~client: express-react@1.0.0
8 verbose lifecycle express-react@1.0.0~client: unsafe-perm in lifecycle true
9 verbose lifecycle express-react@1.0.0~client: PATH: /home/kadismile/.nvm/versions/node/v6.0.0/lib/node_modules/npm/bin/node-gyp-bin:/home/kadismile/Documents/EXPRESS/mini-blog/node_modules/.bin:/home/kadismile/.nvm/versions/node/v6.0.0/bin:/home/kadismile/.nvm/versions/node/v6.0.0/lib/node_modules/npm/bin/node-gyp-bin:/home/kadismile/Documents/EXPRESS/mini-blog/node_modules/.bin:/home/kadismile/.nvm/versions/node/v6.0.0/bin:/home/kadismile/.nvm/versions/node/v6.0.0/bin:/home/kadismile/bin:/home/kadismile/.local/bin:/usr/local/sbin:/usr/local/bin:/usr/sbin:/usr/bin:/sbin:/bin:/usr/games:/usr/local/games:/snap/bin:/usr/lib/jvm/java-8-oracle/bin:/usr/lib/jvm/java-8-oracle/db/bin:/usr/lib/jvm/java-8-oracle/jre/bin
10 verbose lifecycle express-react@1.0.0~client: CWD: /home/kadismile/Documents/EXPRESS/mini-blog
11 silly lifecycle express-react@1.0.0~client: Args: [ '-c', 'npm start --prefix client' ]
12 silly lifecycle express-react@1.0.0~client: Returned: code: 1  signal: null
13 info lifecycle express-react@1.0.0~client: Failed to exec client script
14 verbose stack Error: express-react@1.0.0 client: `npm start --prefix client`
14 verbose stack Exit status 1
14 verbose stack     at EventEmitter.<anonymous> (/home/kadismile/.nvm/versions/node/v6.0.0/lib/node_modules/npm/lib/utils/lifecycle.js:239:16)
14 verbose stack     at emitTwo (events.js:106:13)
14 verbose stack     at EventEmitter.emit (events.js:191:7)
14 verbose stack     at ChildProcess.<anonymous> (/home/kadismile/.nvm/versions/node/v6.0.0/lib/node_modules/npm/lib/utils/spawn.js:24:14)
14 verbose stack     at emitTwo (events.js:106:13)
14 verbose stack     at ChildProcess.emit (events.js:191:7)
14 verbose stack     at maybeClose (internal/child_process.js:850:16)
14 verbose stack     at Process.ChildProcess._handle.onexit (internal/child_process.js:215:5)
15 verbose pkgid express-react@1.0.0
16 verbose cwd /home/kadismile/Documents/EXPRESS/mini-blog
17 error Linux 4.15.0-62-generic
18 error argv "/home/kadismile/.nvm/versions/node/v6.0.0/bin/node" "/home/kadismile/.nvm/versions/node/v6.0.0/bin/npm" "run" "client"
19 error node v6.0.0
20 error npm  v3.8.6
21 error code ELIFECYCLE
22 error express-react@1.0.0 client: `npm start --prefix client`
22 error Exit status 1
23 error Failed at the express-react@1.0.0 client script 'npm start --prefix client'.
23 error Make sure you have the latest version of node.js and npm installed.
23 error If you do, this is most likely a problem with the express-react package,
23 error not with npm itself.
23 error Tell the author that this fails on your system:
23 error     npm start --prefix client
23 error You can get information on how to open an issue for this project with:
23 error     npm bugs express-react
23 error Or if that isn't available, you can get their info via:
23 error     npm owner ls express-react
23 error There is likely additional logging output above.
24 verbose exit [ 1, true ]
